1. Mise à jour des paquets

WARNING: apt does not have a stable CLI interface. Use with caution in scripts.

Atteint : 1 http://deb.debian.org/debian bookworm InRelease
Atteint : 2 http://deb.debian.org/debian-security bookworm-security InRelease
Atteint : 3 http://deb.debian.org/debian bookworm-updates InRelease
Atteint : 4 http://deb.debian.org/debian testing InRelease
Atteint : 5 http://http.kali.org/kali kali-rolling InRelease
Ign : 6 https://apt.packages.shiftkey.dev/ubuntu any InRelease
Atteint : 7 https://brave-browser-apt-release.s3.brave.com stable InRelease
Atteint : 8 https://packages.microsoft.com/repos/code stable InRelease
Atteint : 9 https://repo.protonvpn.com/debian unstable InRelease
Réception de : 10 https://mega.nz/linux/repo/Debian_12 ./ InRelease [2.959 B]
Atteint : 11 https://windsurf-stable.codeiumdata.com/wVxQEIWkwPUEAGf3/apt stable InRelease
Ign : 6 https://apt.packages.shiftkey.dev/ubuntu any InRelease
Ign : 6 https://apt.packages.shiftkey.dev/ubuntu any InRelease
Err : 6 https://apt.packages.shiftkey.dev/ubuntu any InRelease
  SSL connection failed: error:0A000086:SSL routines::certificate verify failed / Succès [IP : 13.107.246.67 443]
2.959 o réceptionnés en 8s (388 o/s)
Lecture des listes de paquets…
Construction de l'arbre des dépendances…
Lecture des informations d'état…
Tous les paquets sont à jour.
Attention : Impossible de récupérer https://apt.packages.shiftkey.dev/ubuntu/dists/any/InRelease  SSL connection failed: error:0A000086:SSL routines::certificate verify failed / Succès [IP : 13.107.246.67 443]
Attention : Le téléchargement de certains fichiers d'index a échoué, ils ont été ignorés, ou les anciens ont été utilisés à la place.

WARNING: apt does not have a stable CLI interface. Use with caution in scripts.

Lecture des listes de paquets…
Construction de l'arbre des dépendances…
Lecture des informations d'état…
Calcul de la mise à jour…
Sommaire :
  Mise à niveau de : 0. Installation de : 0Supprimé : 0. Non mis à jour : 0
2. Installation des prérequis système

WARNING: apt does not have a stable CLI interface. Use with caution in scripts.

Lecture des listes de paquets…
Construction de l'arbre des dépendances…
Lecture des informations d'état…
build-essential est déjà la version la plus récente (12.12).
cmake est déjà la version la plus récente (3.31.6-2).
ffmpeg est déjà la version la plus récente (7:7.1.1-1+b1).
git est déjà la version la plus récente (1:2.47.2-0.2).
python3 est déjà la version la plus récente (3.13.5-1).
python3-pip est déjà la version la plus récente (25.1.1+dfsg-1).
Sommaire :
  Mise à niveau de : 0. Installation de : 0Supprimé : 0. Non mis à jour : 0
3. Clonage ou mise à jour de whisper.cpp
Déjà à jour.
4. Compilation de whisper.cpp
make: *** Aucune règle pour fabriquer la cible « clean ». Arrêt.
